[0.107s] Invoking command in '/home/amisha/ws_mobile/build/mobile_robot': /usr/bin/cmake --build /home/amisha/ws_mobile/build/mobile_robot -- -j2 -l2
[0.741s] -- Found ament_cmake: 2.0.5 (/opt/ros/iron/share/ament_cmake/cmake)
[1.284s] Traceback (most recent call last):
[1.284s]   File "/opt/ros/iron/share/ament_cmake_core/cmake/package_templates/templates_2_cmake.py", line 21, in <module>
[1.284s]     from ament_package.templates import get_environment_hook_template_path
[1.284s] ModuleNotFoundError: No module named 'ament_package'
[1.314s] [31mCMake Error at /opt/ros/iron/share/ament_cmake_core/cmake/ament_cmake_package_templates-extras.cmake:41 (message):
[1.314s]   execute_process(/usr/bin/python3.10
[1.314s]   /opt/ros/iron/share/ament_cmake_core/cmake/package_templates/templates_2_cmake.py
[1.314s]   /home/amisha/ws_mobile/build/mobile_robot/ament_cmake_package_templates/templates.cmake)
[1.314s]   returned error code 1
[1.314s] Call Stack (most recent call first):
[1.314s]   /opt/ros/iron/share/ament_cmake_core/cmake/ament_cmake_coreConfig.cmake:41 (include)
[1.314s]   /opt/ros/iron/share/ament_cmake/cmake/ament_cmake_export_dependencies-extras.cmake:15 (find_package)
[1.314s]   /opt/ros/iron/share/ament_cmake/cmake/ament_cmakeConfig.cmake:41 (include)
[1.314s]   CMakeLists.txt:9 (find_package)
[1.315s] 
[1.315s] [0m
[1.315s] -- Configuring incomplete, errors occurred!
[1.316s] See also "/home/amisha/ws_mobile/build/mobile_robot/CMakeFiles/CMakeOutput.log".
[1.335s] gmake: *** [Makefile:226: cmake_check_build_system] Error 1
[1.340s] Invoked command in '/home/amisha/ws_mobile/build/mobile_robot' returned '2': /usr/bin/cmake --build /home/amisha/ws_mobile/build/mobile_robot -- -j2 -l2
